<?xml version="1.0" encoding="UTF-8"?>
<testng-results ignored="0" total="1" passed="1" failed="0" skipped="0">
  <reporter-output>
  </reporter-output>
  <suite started-at="2025-07-26T18:50:34 CST" name="SuiteEjemploPruebas" finished-at="2025-07-26T18:50:34 CST" duration-ms="92">
    <groups>
    </groups>
    <test started-at="2025-07-26T18:50:34 CST" name="MiTest" finished-at="2025-07-26T18:50:34 CST" duration-ms="92">
      <class name="com.selenium.test.AnotacionesEjemplo">
        <test-method is-config="true" signature="setup()[pri:0, instance:com.selenium.test.AnotacionesEjemplo@44c03695]" started-at="2025-07-26T18:50:34 CST" name="setup" finished-at="2025-07-26T18:50:34 CST" duration-ms="15" status="PASS">
          <reporter-output>
          </reporter-output>
        </test-method> <!-- setup -->
        <test-method is-config="true" signature="abrirNavegador()[pri:0, instance:com.selenium.test.AnotacionesEjemplo@44c03695]" started-at="2025-07-26T18:50:34 CST" name="abrirNavegador" finished-at="2025-07-26T18:50:34 CST" duration-ms="1" status="PASS">
          <reporter-output>
          </reporter-output>
        </test-method> <!-- abrirNavegador -->
        <test-method signature="testBuscarGoogle()[pri:0, instance:com.selenium.test.AnotacionesEjemplo@44c03695]" started-at="2025-07-26T18:50:34 CST" name="testBuscarGoogle" finished-at="2025-07-26T18:50:34 CST" duration-ms="13" status="PASS">
          <reporter-output>
          </reporter-output>
        </test-method> <!-- testBuscarGoogle -->
        <test-method is-config="true" signature="cerrarNavegador()[pri:0, instance:com.selenium.test.AnotacionesEjemplo@44c03695]" started-at="2025-07-26T18:50:34 CST" name="cerrarNavegador" finished-at="2025-07-26T18:50:34 CST" duration-ms="2" status="PASS">
          <reporter-output>
          </reporter-output>
        </test-method> <!-- cerrarNavegador -->
        <test-method is-config="true" signature="limpiarTodo()[pri:0, instance:com.selenium.test.AnotacionesEjemplo@44c03695]" started-at="2025-07-26T18:50:34 CST" name="limpiarTodo" finished-at="2025-07-26T18:50:34 CST" duration-ms="1" status="PASS">
          <reporter-output>
          </reporter-output>
        </test-method> <!-- limpiarTodo -->
      </class> <!-- com.selenium.test.AnotacionesEjemplo -->
    </test> <!-- MiTest -->
  </suite> <!-- SuiteEjemploPruebas -->
</testng-results>
